/*C1*/SET SCHEMA SYSTEM_LOBS
INSERT INTO BLOCKS VALUES(0,2147483647,0)
COMMIT
/*C2*/SET SCHEMA PUBLIC
CREATE TABLE "PUBLIC"."flyway_schema_history" (\u000a    "installed_rank" INT NOT NULL,\u000a    "version" VARCHAR(50),\u000a    "description" VARCHAR(200) NOT NULL,\u000a    "type" VARCHAR(20) NOT NULL,\u000a    "script" VARCHAR(1000) NOT NULL,\u000a    "checksum" INT,\u000a    "installed_by" VARCHAR(100) NOT NULL,\u000a    "installed_on" TIMESTAMP DEFAULT CURRENT_TIMESTAMP NOT NULL,\u000a    "execution_time" INT NOT NULL,\u000a    "success" BIT NOT NULL\u000a)
ALTER TABLE "PUBLIC"."flyway_schema_history" ADD CONSTRAINT "flyway_schema_history_pk" PRIMARY KEY ("installed_rank")
CREATE INDEX "PUBLIC"."flyway_schema_history_s_idx" ON "PUBLIC"."flyway_schema_history" ("success")
SET SCHEMA "PUBLIC"
create table tasks (\u000d\u000a  id identity not null,\u000d\u000a  username varchar (255) not null,\u000d\u000a  desc varchar (255) not null,\u000d\u000a  lastUpdated varchar (255),\u000d\u000a  isDone boolean DEFAULT FALSE not null\u000d\u000a)
INSERT INTO TASKS VALUES(1,'test','Learn Spring MVC','2021-11-14 00:00:00',FALSE)
INSERT INTO TASKS VALUES(2,'test','Learn Struts','2021-11-14 00:00:00',FALSE)
INSERT INTO TASKS VALUES(3,'test','Learn Hibernate','2021-11-14 00:00:00',FALSE)
INSERT INTO "flyway_schema_history" VALUES(1,'1','tasks','SQL','V1__tasks.sql',1543906534,'SA','2021-11-15 20:39:25.346000',2,'1')
COMMIT
SET SCHEMA "PUBLIC"
create table users (\u000d\u000a  id identity not null,\u000d\u000a  username varchar (255) not null,\u000d\u000a  pwd varchar (255) not null,\u000d\u000a)
INSERT INTO USERS VALUES(1,'test','pwd123')
INSERT INTO USERS VALUES(2,'test1','pwd1234')
INSERT INTO USERS VALUES(3,'test2','pwd1235')
INSERT INTO "flyway_schema_history" VALUES(2,'2','users','SQL','V2__users.sql',1625679714,'SA','2021-11-15 20:39:25.353000',2,'1')
COMMIT
SET SCHEMA "PUBLIC"
alter table tasks add column is_done boolean
alter table tasks add column last_update varchar(255)
create sequence hibernate_sequence start with 1 increment by 1
DISCONNECT
/*C3*/SET SCHEMA PUBLIC
DISCONNECT
/*C4*/SET SCHEMA PUBLIC
DISCONNECT
/*C5*/SET SCHEMA PUBLIC
DISCONNECT
/*C6*/SET SCHEMA PUBLIC
DISCONNECT
/*C7*/SET SCHEMA PUBLIC
DISCONNECT
/*C8*/SET SCHEMA PUBLIC
DISCONNECT
/*C9*/SET SCHEMA PUBLIC
DISCONNECT
/*C10*/SET SCHEMA PUBLIC
DISCONNECT
/*C11*/SET SCHEMA PUBLIC
DISCONNECT
